[debug] [2021-06-16T17:28:12.264Z] ----------------------------------------------------------------------
[debug] [2021-06-16T17:28:12.266Z] Command:       C:\Program Files\nodejs\node.exe C:\Users\ASUS\AppData\Roaming\npm\node_modules\firebase-tools\lib\bin\firebase.js deploy
[debug] [2021-06-16T17:28:12.267Z] CLI Version:   9.13.0
[debug] [2021-06-16T17:28:12.267Z] Platform:      win32
[debug] [2021-06-16T17:28:12.267Z] Node Version:  v14.16.1
[debug] [2021-06-16T17:28:12.268Z] Time:          Wed Jun 16 2021 22:58:12 GMT+0530 (India Standard Time)
[debug] [2021-06-16T17:28:12.268Z] ----------------------------------------------------------------------
[debug] 
[debug] [2021-06-16T17:28:12.279Z] > command requires scopes: ["email","openid","https://www.googleapis.com/auth/cloudplatformprojects.readonly","https://www.googleapis.com/auth/firebase","https://www.googleapis.com/auth/cloud-platform"]
[debug] [2021-06-16T17:28:12.280Z] > authorizing via signed-in user (shreyaguddaraj@gmail.com)
[debug] [2021-06-16T17:28:12.280Z] [iam] checking project burger-store-c531b for permissions ["firebase.projects.get","firebasehosting.sites.update"]
[debug] [2021-06-16T17:28:12.284Z] > refreshing access token with scopes: ["email","https://www.googleapis.com/auth/cloud-platform","https://www.googleapis.com/auth/cloudplatformprojects.readonly","https://www.googleapis.com/auth/firebase","openid"]
[debug] [2021-06-16T17:28:12.284Z] >>> HTTP REQUEST POST https://www.googleapis.com/oauth2/v3/token  
 <request body omitted>
[debug] [2021-06-16T17:28:13.108Z] <<< HTTP RESPONSE 200 {"expires":"Mon, 01 Jan 1990 00:00:00 GMT","date":"Wed, 16 Jun 2021 17:28:13 GMT","cache-control":"no-cache, no-store, max-age=0, must-revalidate","pragma":"no-cache","content-type":"application/json; charset=utf-8","vary":"X-Origin, Referer, Origin,Accept-Encoding","server":"scaffolding on HTTPServer2","x-xss-protection":"0","x-frame-options":"SAMEORIGIN","x-content-type-options":"nosniff","alt-svc":"h3=\":443\"; ma=2592000,h3-29=\":443\"; ma=2592000,h3-T051=\":443\"; ma=2592000,h3-Q050=\":443\"; ma=2592000,h3-Q046=\":443\"; ma=2592000,h3-Q043=\":443\"; ma=2592000,quic=\":443\"; ma=2592000; v=\"46,43\"","accept-ranges":"none","transfer-encoding":"chunked"}
[debug] [2021-06-16T17:28:13.129Z] >>> HTTP REQUEST POST https://cloudresourcemanager.googleapis.com/v1/projects/burger-store-c531b:testIamPermissions  
 {"permissions":["firebase.projects.get","firebasehosting.sites.update"]}
[debug] [2021-06-16T17:28:15.352Z] <<< HTTP RESPONSE 200 {"content-type":"application/json; charset=UTF-8","vary":"X-Origin, Referer, Origin,Accept-Encoding","date":"Wed, 16 Jun 2021 17:28:16 GMT","server":"ESF","cache-control":"private","x-xss-protection":"0","x-frame-options":"SAMEORIGIN","x-content-type-options":"nosniff","server-timing":"gfet4t7; dur=1335","alt-svc":"h3=\":443\"; ma=2592000,h3-29=\":443\"; ma=2592000,h3-T051=\":443\"; ma=2592000,h3-Q050=\":443\"; ma=2592000,h3-Q046=\":443\"; ma=2592000,h3-Q043=\":443\"; ma=2592000,quic=\":443\"; ma=2592000; v=\"46,43\"","accept-ranges":"none","transfer-encoding":"chunked"}
[debug] [2021-06-16T17:28:15.356Z] > refreshing access token with scopes: []
[debug] [2021-06-16T17:28:15.356Z] >>> HTTP REQUEST POST https://www.googleapis.com/oauth2/v3/token  
 <request body omitted>
[debug] [2021-06-16T17:28:15.967Z] <<< HTTP RESPONSE 200 {"date":"Wed, 16 Jun 2021 17:28:16 GMT","cache-control":"no-cache, no-store, max-age=0, must-revalidate","pragma":"no-cache","expires":"Mon, 01 Jan 1990 00:00:00 GMT","content-type":"application/json; charset=utf-8","vary":"X-Origin, Referer, Origin,Accept-Encoding","server":"scaffolding on HTTPServer2","x-xss-protection":"0","x-frame-options":"SAMEORIGIN","x-content-type-options":"nosniff","alt-svc":"h3=\":443\"; ma=2592000,h3-29=\":443\"; ma=2592000,h3-T051=\":443\"; ma=2592000,h3-Q050=\":443\"; ma=2592000,h3-Q046=\":443\"; ma=2592000,h3-Q043=\":443\"; ma=2592000,quic=\":443\"; ma=2592000; v=\"46,43\"","accept-ranges":"none","transfer-encoding":"chunked"}
[debug] [2021-06-16T17:28:16.005Z] >>> [apiv2][query] GET https://firebase.googleapis.com/v1beta1/projects/burger-store-c531b [none]
[debug] [2021-06-16T17:28:16.794Z] <<< [apiv2][status] GET https://firebase.googleapis.com/v1beta1/projects/burger-store-c531b 200
[debug] [2021-06-16T17:28:16.795Z] <<< [apiv2][body] GET https://firebase.googleapis.com/v1beta1/projects/burger-store-c531b {"projectId":"burger-store-c531b","projectNumber":"873189458668","displayName":"Burger Store","name":"projects/burger-store-c531b","resources":{"hostingSite":"burger-store-c531b","realtimeDatabaseInstance":"burger-store-c531b-default-rtdb","storageBucket":"burger-store-c531b.appspot.com","locationId":"asia-southeast2"},"state":"ACTIVE"}
[info] 
[info] === Deploying to 'burger-store-c531b'...
[info] 
[info] i  deploying hosting 
[debug] [2021-06-16T17:28:16.804Z] > refreshing access token with scopes: ["email","https://www.googleapis.com/auth/cloud-platform","https://www.googleapis.com/auth/cloudplatformprojects.readonly","https://www.googleapis.com/auth/firebase","openid"]
[debug] [2021-06-16T17:28:16.804Z] >>> HTTP REQUEST POST https://www.googleapis.com/oauth2/v3/token  
 <request body omitted>
[debug] [2021-06-16T17:28:17.436Z] <<< HTTP RESPONSE 200 {"pragma":"no-cache","expires":"Mon, 01 Jan 1990 00:00:00 GMT","date":"Wed, 16 Jun 2021 17:28:18 GMT","cache-control":"no-cache, no-store, max-age=0, must-revalidate","content-type":"application/json; charset=utf-8","vary":"X-Origin, Referer, Origin,Accept-Encoding","server":"scaffolding on HTTPServer2","x-xss-protection":"0","x-frame-options":"SAMEORIGIN","x-content-type-options":"nosniff","alt-svc":"h3=\":443\"; ma=2592000,h3-29=\":443\"; ma=2592000,h3-T051=\":443\"; ma=2592000,h3-Q050=\":443\"; ma=2592000,h3-Q046=\":443\"; ma=2592000,h3-Q043=\":443\"; ma=2592000,quic=\":443\"; ma=2592000; v=\"46,43\"","accept-ranges":"none","transfer-encoding":"chunked"}
[debug] [2021-06-16T17:28:17.473Z] >>> HTTP REQUEST POST https://firebasehosting.googleapis.com/v1beta1/sites/burger-store-c531b/versions  
 {"config":{"rewrites":[{"glob":"**","path":"/index.html"}]},"labels":{"deployment-tool":"cli-firebase"}}
[debug] [2021-06-16T17:28:20.062Z] <<< HTTP RESPONSE 200 {"content-type":"application/json; charset=UTF-8","vary":"X-Origin, Referer, Origin,Accept-Encoding","date":"Wed, 16 Jun 2021 17:28:20 GMT","server":"ESF","cache-control":"private","x-xss-protection":"0","x-frame-options":"SAMEORIGIN","x-content-type-options":"nosniff","alt-svc":"h3=\":443\"; ma=2592000,h3-29=\":443\"; ma=2592000,h3-T051=\":443\"; ma=2592000,h3-Q050=\":443\"; ma=2592000,h3-Q046=\":443\"; ma=2592000,h3-Q043=\":443\"; ma=2592000,quic=\":443\"; ma=2592000; v=\"46,43\"","accept-ranges":"none","transfer-encoding":"chunked"}
[info] i  hosting[burger-store-c531b]: beginning deploy... 
[info] i  hosting[burger-store-c531b]: found 10 files in public 
[debug] [2021-06-16T17:28:20.091Z] > refreshing access token with scopes: []
[debug] [2021-06-16T17:28:20.092Z] >>> HTTP REQUEST POST https://www.googleapis.com/oauth2/v3/token  
 <request body omitted>
[debug] [2021-06-16T17:28:20.094Z] [hosting] hash cache [cHVibGlj] stored for 10 files
[debug] [2021-06-16T17:28:20.095Z] [hosting][hash queue][FINAL] {"max":9,"min":0,"avg":0.9,"active":0,"complete":10,"success":10,"errored":0,"retried":0,"total":10,"elapsed":14}
[debug] [2021-06-16T17:28:20.694Z] <<< HTTP RESPONSE 200 {"date":"Wed, 16 Jun 2021 17:28:21 GMT","pragma":"no-cache","expires":"Mon, 01 Jan 1990 00:00:00 GMT","cache-control":"no-cache, no-store, max-age=0, must-revalidate","content-type":"application/json; charset=utf-8","vary":"X-Origin, Referer, Origin,Accept-Encoding","server":"scaffolding on HTTPServer2","x-xss-protection":"0","x-frame-options":"SAMEORIGIN","x-content-type-options":"nosniff","alt-svc":"h3=\":443\"; ma=2592000,h3-29=\":443\"; ma=2592000,h3-T051=\":443\"; ma=2592000,h3-Q050=\":443\"; ma=2592000,h3-Q046=\":443\"; ma=2592000,h3-Q043=\":443\"; ma=2592000,quic=\":443\"; ma=2592000; v=\"46,43\"","accept-ranges":"none","transfer-encoding":"chunked"}
[debug] [2021-06-16T17:28:20.711Z] >>> [apiv2][query] POST https://firebasehosting.googleapis.com/v1beta1/sites/burger-store-c531b/versions/a300783336d38c96:populateFiles [none]
[debug] [2021-06-16T17:28:20.712Z] >>> [apiv2][body] POST https://firebasehosting.googleapis.com/v1beta1/sites/burger-store-c531b/versions/a300783336d38c96:populateFiles {"files":{"/favicon.ico":"2df9ce672e7539b56545cdd885b8315d80399039672687fcc1565378446e6597","/logo192.png":"3ee59515172ee198f3be375979df15ac5345183e656720a381b8872b2a39dc8b","/logo512.png":"ee7e2f3fdb8209c4b6fd7bef6ba50d1b9dba30a25bb5c3126df057e1cb6f5331","/manifest.json":"aff3449bdc238776f5d6d967f19ec491b36aed5fb7f23ccff6500736fd58494a","/robots.txt":"bfe106a3fb878dc83461c86818bf74fc1bdc7f28538ba613cd3e775516ce8b49","/images/cart.ico":"2ceea60f8fce4a2a4c900439c6490c7c4bf670eabd5f129d7ecba3b073981e1e","/images/emptycart.png":"191b957d6cca7e44e0e76c358d003806efcdd8c12fc0a71c680a136aa11c69f5","/images/heroburgerimage.png":"8604d28bf784a5a3f2a29a7b6ea6584cab50a50fced33f1eb6c65fd04c869f72","/images/logo.ico":"2df9ce672e7539b56545cdd885b8315d80399039672687fcc1565378446e6597","/index.html":"40dd3f56ec488ecbb8a552df29e4d77d9c7dc8d2b17fba4625cce2a892ab5c8f"}}
[debug] [2021-06-16T17:28:22.624Z] <<< [apiv2][status] POST https://firebasehosting.googleapis.com/v1beta1/sites/burger-store-c531b/versions/a300783336d38c96:populateFiles 200
[debug] [2021-06-16T17:28:22.625Z] <<< [apiv2][body] POST https://firebasehosting.googleapis.com/v1beta1/sites/burger-store-c531b/versions/a300783336d38c96:populateFiles {"uploadRequiredHashes":["8604d28bf784a5a3f2a29a7b6ea6584cab50a50fced33f1eb6c65fd04c869f72"],"uploadUrl":"https://upload-firebasehosting.googleapis.com/upload/sites/burger-store-c531b/versions/a300783336d38c96/files"}
[debug] [2021-06-16T17:28:22.626Z] >>> [apiv2][query] POST https://upload-firebasehosting.googleapis.com/upload/sites/burger-store-c531b/versions/a300783336d38c96/files/8604d28bf784a5a3f2a29a7b6ea6584cab50a50fced33f1eb6c65fd04c869f72 [none]
[debug] [2021-06-16T17:28:22.626Z] >>> [apiv2][body] POST https://upload-firebasehosting.googleapis.com/upload/sites/burger-store-c531b/versions/a300783336d38c96/files/8604d28bf784a5a3f2a29a7b6ea6584cab50a50fced33f1eb6c65fd04c869f72 [stream]
[debug] [2021-06-16T17:28:22.628Z] [hosting][populate queue][FINAL] {"max":2535,"min":2535,"avg":2535,"active":0,"complete":1,"success":1,"errored":0,"retried":0,"total":1,"elapsed":2537}
[debug] [2021-06-16T17:28:22.628Z] [hosting] uploads queued: 1
[debug] [2021-06-16T17:29:14.667Z] [uploadQueue] Retrying task 8604d28bf784a5a3f2a29a7b6ea6584cab50a50fced33f1eb6c65fd04c869f72
[debug] [2021-06-16T17:29:14.669Z] >>> [apiv2][query] POST https://upload-firebasehosting.googleapis.com/upload/sites/burger-store-c531b/versions/a300783336d38c96/files/8604d28bf784a5a3f2a29a7b6ea6584cab50a50fced33f1eb6c65fd04c869f72 [none]
[debug] [2021-06-16T17:29:14.669Z] >>> [apiv2][body] POST https://upload-firebasehosting.googleapis.com/upload/sites/burger-store-c531b/versions/a300783336d38c96/files/8604d28bf784a5a3f2a29a7b6ea6584cab50a50fced33f1eb6c65fd04c869f72 [stream]
[debug] [2021-06-16T17:30:07.096Z] [uploadQueue] Retrying task 8604d28bf784a5a3f2a29a7b6ea6584cab50a50fced33f1eb6c65fd04c869f72
[debug] [2021-06-16T17:30:07.097Z] >>> [apiv2][query] POST https://upload-firebasehosting.googleapis.com/upload/sites/burger-store-c531b/versions/a300783336d38c96/files/8604d28bf784a5a3f2a29a7b6ea6584cab50a50fced33f1eb6c65fd04c869f72 [none]
[debug] [2021-06-16T17:30:07.098Z] >>> [apiv2][body] POST https://upload-firebasehosting.googleapis.com/upload/sites/burger-store-c531b/versions/a300783336d38c96/files/8604d28bf784a5a3f2a29a7b6ea6584cab50a50fced33f1eb6c65fd04c869f72 [stream]
[debug] [2021-06-16T17:31:00.326Z] [uploadQueue] Retrying task 8604d28bf784a5a3f2a29a7b6ea6584cab50a50fced33f1eb6c65fd04c869f72
[debug] [2021-06-16T17:31:00.327Z] >>> [apiv2][query] POST https://upload-firebasehosting.googleapis.com/upload/sites/burger-store-c531b/versions/a300783336d38c96/files/8604d28bf784a5a3f2a29a7b6ea6584cab50a50fced33f1eb6c65fd04c869f72 [none]
[debug] [2021-06-16T17:31:00.327Z] >>> [apiv2][body] POST https://upload-firebasehosting.googleapis.com/upload/sites/burger-store-c531b/versions/a300783336d38c96/files/8604d28bf784a5a3f2a29a7b6ea6584cab50a50fced33f1eb6c65fd04c869f72 [stream]
